1704637712.488843 client started (25716): version 3.2a, socket /tmp/tmux-1000/default, protocol 8
1704637712.488868 on Linux 6.2.0-39-generic #40~22.04.1-Ubuntu SMP PREEMPT_DYNAMIC Thu Nov 16 10:53:04 UTC 2
1704637712.488872 using libevent 2.1.12-stable (poll); ncurses 6.3
1704637712.488884 flags are 0x10010000
1704637712.488886 socket is /tmp/tmux-1000/default
1704637712.488898 trying connect
1704637712.489014 add peer 0x55dd33364820: 6 ((nil))
1704637712.489292 sending message 100 to peer 0x55dd33364820 (4 bytes)
1704637712.489298 sending message 111 to peer 0x55dd33364820 (8 bytes)
1704637712.489300 sending message 101 to peer 0x55dd33364820 (15 bytes)
1704637712.489303 sending message 109 to peer 0x55dd33364820 (4 bytes)
1704637712.489305 sending message 102 to peer 0x55dd33364820 (11 bytes)
1704637712.489308 sending message 108 to peer 0x55dd33364820 (21 bytes)
1704637712.489310 sending message 112 to peer 0x55dd33364820 (58 bytes)
1704637712.489313 sending message 112 to peer 0x55dd33364820 (5 bytes)
1704637712.489315 sending message 112 to peer 0x55dd33364820 (5 bytes)
1704637712.489318 sending message 112 to peer 0x55dd33364820 (6 bytes)
1704637712.489320 sending message 112 to peer 0x55dd33364820 (6 bytes)
1704637712.489322 sending message 112 to peer 0x55dd33364820 (11 bytes)
1704637712.489324 sending message 112 to peer 0x55dd33364820 (10 bytes)
1704637712.489327 sending message 112 to peer 0x55dd33364820 (13 bytes)
1704637712.489329 sending message 112 to peer 0x55dd33364820 (14 bytes)
1704637712.489331 sending message 112 to peer 0x55dd33364820 (19 bytes)
1704637712.489333 sending message 112 to peer 0x55dd33364820 (11 bytes)
1704637712.489335 sending message 112 to peer 0x55dd33364820 (10 bytes)
1704637712.489338 sending message 112 to peer 0x55dd33364820 (15 bytes)
1704637712.489340 sending message 112 to peer 0x55dd33364820 (21 bytes)
1704637712.489342 sending message 112 to peer 0x55dd33364820 (13 bytes)
1704637712.489344 sending message 112 to peer 0x55dd33364820 (7 bytes)
1704637712.489347 sending message 112 to peer 0x55dd33364820 (13 bytes)
1704637712.489349 sending message 112 to peer 0x55dd33364820 (7 bytes)
1704637712.489352 sending message 112 to peer 0x55dd33364820 (13 bytes)
1704637712.489354 sending message 112 to peer 0x55dd33364820 (9 bytes)
1704637712.489356 sending message 112 to peer 0x55dd33364820 (21 bytes)
1704637712.489358 sending message 112 to peer 0x55dd33364820 (13 bytes)
1704637712.489361 sending message 112 to peer 0x55dd33364820 (9 bytes)
1704637712.489363 sending message 112 to peer 0x55dd33364820 (16 bytes)
1704637712.489388 sending message 112 to peer 0x55dd33364820 (13 bytes)
1704637712.489391 sending message 112 to peer 0x55dd33364820 (9 bytes)
1704637712.489394 sending message 112 to peer 0x55dd33364820 (9 bytes)
1704637712.489397 sending message 112 to peer 0x55dd33364820 (12 bytes)
1704637712.489399 sending message 112 to peer 0x55dd33364820 (8 bytes)
1704637712.489402 sending message 112 to peer 0x55dd33364820 (8 bytes)
1704637712.489404 sending message 112 to peer 0x55dd33364820 (13 bytes)
1704637712.489406 sending message 112 to peer 0x55dd33364820 (7 bytes)
1704637712.489408 sending message 112 to peer 0x55dd33364820 (7 bytes)
1704637712.489411 sending message 112 to peer 0x55dd33364820 (9 bytes)
1704637712.489413 sending message 112 to peer 0x55dd33364820 (9 bytes)
1704637712.489415 sending message 112 to peer 0x55dd33364820 (15 bytes)
1704637712.489417 sending message 112 to peer 0x55dd33364820 (13 bytes)
1704637712.489420 sending message 112 to peer 0x55dd33364820 (12 bytes)
1704637712.489422 sending message 112 to peer 0x55dd33364820 (8 bytes)
1704637712.489551 sending message 112 to peer 0x55dd33364820 (14 bytes)
1704637712.489559 sending message 112 to peer 0x55dd33364820 (11 bytes)
1704637712.489562 sending message 112 to peer 0x55dd33364820 (9 bytes)
1704637712.489565 sending message 112 to peer 0x55dd33364820 (10 bytes)
1704637712.489567 sending message 112 to peer 0x55dd33364820 (10 bytes)
1704637712.489570 sending message 112 to peer 0x55dd33364820 (10 bytes)
1704637712.489580 sending message 112 to peer 0x55dd33364820 (10 bytes)
1704637712.489583 sending message 112 to peer 0x55dd33364820 (11 bytes)
1704637712.489585 sending message 112 to peer 0x55dd33364820 (12 bytes)
1704637712.489587 sending message 112 to peer 0x55dd33364820 (12 bytes)
1704637712.489589 sending message 112 to peer 0x55dd33364820 (12 bytes)
1704637712.489591 sending message 112 to peer 0x55dd33364820 (12 bytes)
1704637712.489593 sending message 112 to peer 0x55dd33364820 (12 bytes)
1704637712.489596 sending message 112 to peer 0x55dd33364820 (11 bytes)
1704637712.489598 sending message 112 to peer 0x55dd33364820 (11 bytes)
1704637712.489601 sending message 112 to peer 0x55dd33364820 (12 bytes)
1704637712.489603 sending message 112 to peer 0x55dd33364820 (12 bytes)
1704637712.489605 sending message 112 to peer 0x55dd33364820 (12 bytes)
1704637712.489607 sending message 112 to peer 0x55dd33364820 (12 bytes)
1704637712.489609 sending message 112 to peer 0x55dd33364820 (12 bytes)
1704637712.489612 sending message 112 to peer 0x55dd33364820 (9 bytes)
1704637712.489614 sending message 112 to peer 0x55dd33364820 (12 bytes)
1704637712.489616 sending message 112 to peer 0x55dd33364820 (13 bytes)
1704637712.489619 sending message 112 to peer 0x55dd33364820 (13 bytes)
1704637712.489621 sending message 112 to peer 0x55dd33364820 (13 bytes)
1704637712.489623 sending message 112 to peer 0x55dd33364820 (13 bytes)
1704637712.489625 sending message 112 to peer 0x55dd33364820 (13 bytes)
1704637712.489628 sending message 112 to peer 0x55dd33364820 (8 bytes)
1704637712.489630 sending message 112 to peer 0x55dd33364820 (11 bytes)
1704637712.489632 sending message 112 to peer 0x55dd33364820 (11 bytes)
1704637712.489635 sending message 112 to peer 0x55dd33364820 (11 bytes)
1704637712.489637 sending message 112 to peer 0x55dd33364820 (12 bytes)
1704637712.489639 sending message 112 to peer 0x55dd33364820 (12 bytes)
1704637712.489641 sending message 112 to peer 0x55dd33364820 (12 bytes)
1704637712.489643 sending message 112 to peer 0x55dd33364820 (12 bytes)
1704637712.489645 sending message 112 to peer 0x55dd33364820 (13 bytes)
1704637712.489648 sending message 112 to peer 0x55dd33364820 (13 bytes)
1704637712.489650 sending message 112 to peer 0x55dd33364820 (13 bytes)
1704637712.489652 sending message 112 to peer 0x55dd33364820 (8 bytes)
1704637712.489654 sending message 112 to peer 0x55dd33364820 (13 bytes)
1704637712.489656 sending message 112 to peer 0x55dd33364820 (13 bytes)
1704637712.489659 sending message 112 to peer 0x55dd33364820 (13 bytes)
1704637712.489661 sending message 112 to peer 0x55dd33364820 (13 bytes)
1704637712.489663 sending message 112 to peer 0x55dd33364820 (13 bytes)
1704637712.489665 sending message 112 to peer 0x55dd33364820 (12 bytes)
1704637712.489667 sending message 112 to peer 0x55dd33364820 (12 bytes)
1704637712.489670 sending message 112 to peer 0x55dd33364820 (12 bytes)
1704637712.489672 sending message 112 to peer 0x55dd33364820 (12 bytes)
1704637712.489674 sending message 112 to peer 0x55dd33364820 (13 bytes)
1704637712.489676 sending message 112 to peer 0x55dd33364820 (8 bytes)
1704637712.489678 sending message 112 to peer 0x55dd33364820 (13 bytes)
1704637712.489681 sending message 112 to peer 0x55dd33364820 (13 bytes)
1704637712.489786 sending message 112 to peer 0x55dd33364820 (13 bytes)
1704637712.489790 sending message 112 to peer 0x55dd33364820 (13 bytes)
1704637712.489793 sending message 112 to peer 0x55dd33364820 (13 bytes)
1704637712.489796 sending message 112 to peer 0x55dd33364820 (13 bytes)
1704637712.489799 sending message 112 to peer 0x55dd33364820 (13 bytes)
1704637712.489801 sending message 112 to peer 0x55dd33364820 (12 bytes)
1704637712.489804 sending message 112 to peer 0x55dd33364820 (12 bytes)
1704637712.489807 sending message 112 to peer 0x55dd33364820 (12 bytes)
1704637712.489810 sending message 112 to peer 0x55dd33364820 (8 bytes)
1704637712.489812 sending message 112 to peer 0x55dd33364820 (12 bytes)
1704637712.489815 sending message 112 to peer 0x55dd33364820 (13 bytes)
1704637712.489820 sending message 112 to peer 0x55dd33364820 (13 bytes)
1704637712.489823 sending message 112 to peer 0x55dd33364820 (13 bytes)
1704637712.489825 sending message 112 to peer 0x55dd33364820 (13 bytes)
1704637712.489827 sending message 112 to peer 0x55dd33364820 (13 bytes)
1704637712.489829 sending message 112 to peer 0x55dd33364820 (13 bytes)
1704637712.489831 sending message 112 to peer 0x55dd33364820 (13 bytes)
1704637712.489833 sending message 112 to peer 0x55dd33364820 (13 bytes)
1704637712.489835 sending message 112 to peer 0x55dd33364820 (12 bytes)
1704637712.489838 sending message 112 to peer 0x55dd33364820 (10 bytes)
1704637712.489840 sending message 112 to peer 0x55dd33364820 (12 bytes)
1704637712.489842 sending message 112 to peer 0x55dd33364820 (12 bytes)
1704637712.489844 sending message 112 to peer 0x55dd33364820 (12 bytes)
1704637712.489846 sending message 112 to peer 0x55dd33364820 (13 bytes)
1704637712.489848 sending message 112 to peer 0x55dd33364820 (13 bytes)
1704637712.489851 sending message 112 to peer 0x55dd33364820 (13 bytes)
1704637712.489853 sending message 112 to peer 0x55dd33364820 (13 bytes)
1704637712.489855 sending message 112 to peer 0x55dd33364820 (13 bytes)
1704637712.489857 sending message 112 to peer 0x55dd33364820 (13 bytes)
1704637712.489859 sending message 112 to peer 0x55dd33364820 (13 bytes)
1704637712.489861 sending message 112 to peer 0x55dd33364820 (10 bytes)
1704637712.489864 sending message 112 to peer 0x55dd33364820 (13 bytes)
1704637712.489866 sending message 112 to peer 0x55dd33364820 (12 bytes)
1704637712.489868 sending message 112 to peer 0x55dd33364820 (12 bytes)
1704637712.489870 sending message 112 to peer 0x55dd33364820 (12 bytes)
1704637712.489872 sending message 112 to peer 0x55dd33364820 (10 bytes)
1704637712.489874 sending message 112 to peer 0x55dd33364820 (10 bytes)
1704637712.489876 sending message 112 to peer 0x55dd33364820 (10 bytes)
1704637712.489878 sending message 112 to peer 0x55dd33364820 (12 bytes)
1704637712.489880 sending message 112 to peer 0x55dd33364820 (13 bytes)
1704637712.489882 sending message 112 to peer 0x55dd33364820 (13 bytes)
1704637712.489884 sending message 112 to peer 0x55dd33364820 (13 bytes)
1704637712.489887 sending message 112 to peer 0x55dd33364820 (13 bytes)
1704637712.489889 sending message 112 to peer 0x55dd33364820 (13 bytes)
1704637712.489891 sending message 112 to peer 0x55dd33364820 (10 bytes)
1704637712.489893 sending message 112 to peer 0x55dd33364820 (11 bytes)
1704637712.489895 sending message 112 to peer 0x55dd33364820 (12 bytes)
1704637712.489897 sending message 112 to peer 0x55dd33364820 (12 bytes)
1704637712.489900 sending message 112 to peer 0x55dd33364820 (12 bytes)
1704637712.489902 sending message 112 to peer 0x55dd33364820 (12 bytes)
1704637712.489904 sending message 112 to peer 0x55dd33364820 (12 bytes)
1704637712.489906 sending message 112 to peer 0x55dd33364820 (11 bytes)
1704637712.489909 sending message 112 to peer 0x55dd33364820 (12 bytes)
1704637712.489911 sending message 112 to peer 0x55dd33364820 (12 bytes)
1704637712.489913 sending message 112 to peer 0x55dd33364820 (13 bytes)
1704637712.489915 sending message 112 to peer 0x55dd33364820 (13 bytes)
1704637712.489917 sending message 112 to peer 0x55dd33364820 (13 bytes)
1704637712.489919 sending message 112 to peer 0x55dd33364820 (13 bytes)
1704637712.489921 sending message 112 to peer 0x55dd33364820 (13 bytes)
1704637712.489923 sending message 112 to peer 0x55dd33364820 (10 bytes)
1704637712.489926 sending message 112 to peer 0x55dd33364820 (9 bytes)
1704637712.489928 sending message 112 to peer 0x55dd33364820 (12 bytes)
1704637712.489930 sending message 112 to peer 0x55dd33364820 (13 bytes)
1704637712.489932 sending message 112 to peer 0x55dd33364820 (13 bytes)
1704637712.489935 sending message 112 to peer 0x55dd33364820 (13 bytes)
1704637712.489937 sending message 112 to peer 0x55dd33364820 (13 bytes)
1704637712.489939 sending message 112 to peer 0x55dd33364820 (13 bytes)
1704637712.489941 sending message 112 to peer 0x55dd33364820 (9 bytes)
1704637712.489946 sending message 112 to peer 0x55dd33364820 (12 bytes)
1704637712.489948 sending message 112 to peer 0x55dd33364820 (13 bytes)
1704637712.489950 sending message 112 to peer 0x55dd33364820 (13 bytes)
1704637712.489952 sending message 112 to peer 0x55dd33364820 (13 bytes)
1704637712.490080 sending message 112 to peer 0x55dd33364820 (13 bytes)
1704637712.490087 sending message 112 to peer 0x55dd33364820 (13 bytes)
1704637712.490090 sending message 112 to peer 0x55dd33364820 (11 bytes)
1704637712.490094 sending message 112 to peer 0x55dd33364820 (12 bytes)
1704637712.490096 sending message 112 to peer 0x55dd33364820 (13 bytes)
1704637712.490099 sending message 112 to peer 0x55dd33364820 (13 bytes)
1704637712.490101 sending message 112 to peer 0x55dd33364820 (13 bytes)
1704637712.490106 sending message 112 to peer 0x55dd33364820 (13 bytes)
1704637712.490109 sending message 112 to peer 0x55dd33364820 (13 bytes)
1704637712.490111 sending message 112 to peer 0x55dd33364820 (11 bytes)
1704637712.490113 sending message 112 to peer 0x55dd33364820 (12 bytes)
1704637712.490115 sending message 112 to peer 0x55dd33364820 (12 bytes)
1704637712.490117 sending message 112 to peer 0x55dd33364820 (12 bytes)
1704637712.490119 sending message 112 to peer 0x55dd33364820 (12 bytes)
1704637712.490122 sending message 112 to peer 0x55dd33364820 (12 bytes)
1704637712.490124 sending message 112 to peer 0x55dd33364820 (21 bytes)
1704637712.490126 sending message 112 to peer 0x55dd33364820 (12 bytes)
1704637712.490128 sending message 112 to peer 0x55dd33364820 (9 bytes)
1704637712.490130 sending message 112 to peer 0x55dd33364820 (6 bytes)
1704637712.490133 sending message 112 to peer 0x55dd33364820 (13 bytes)
1704637712.490135 sending message 112 to peer 0x55dd33364820 (10 bytes)
1704637712.490137 sending message 112 to peer 0x55dd33364820 (24 bytes)
1704637712.490139 sending message 112 to peer 0x55dd33364820 (13 bytes)
1704637712.490143 sending message 112 to peer 0x55dd33364820 (9 bytes)
1704637712.490145 sending message 112 to peer 0x55dd33364820 (70 bytes)
1704637712.490148 sending message 112 to peer 0x55dd33364820 (69 bytes)
1704637712.490150 sending message 112 to peer 0x55dd33364820 (12 bytes)
1704637712.490152 sending message 112 to peer 0x55dd33364820 (10 bytes)
1704637712.490154 sending message 112 to peer 0x55dd33364820 (10 bytes)
1704637712.490156 sending message 112 to peer 0x55dd33364820 (24 bytes)
1704637712.490158 sending message 112 to peer 0x55dd33364820 (13 bytes)
1704637712.490160 sending message 112 to peer 0x55dd33364820 (10 bytes)
1704637712.490162 sending message 112 to peer 0x55dd33364820 (10 bytes)
1704637712.490164 sending message 112 to peer 0x55dd33364820 (10 bytes)
1704637712.490166 sending message 112 to peer 0x55dd33364820 (13 bytes)
1704637712.490168 sending message 112 to peer 0x55dd33364820 (15 bytes)
1704637712.490171 sending message 112 to peer 0x55dd33364820 (5 bytes)
1704637712.490173 sending message 104 to peer 0x55dd33364820 (0 bytes)
1704637712.490176 sending message 110 to peer 0x55dd33364820 (0 bytes)
1704637712.490180 sending message 107 to peer 0x55dd33364820 (4 bytes)
1704637712.490183 sending message 105 to peer 0x55dd33364820 (23 bytes)
1704637712.490185 sending message 105 to peer 0x55dd33364820 (54 bytes)
1704637712.490187 sending message 105 to peer 0x55dd33364820 (31 bytes)
1704637712.490189 sending message 105 to peer 0x55dd33364820 (19 bytes)
1704637712.490192 sending message 105 to peer 0x55dd33364820 (11 bytes)
1704637712.490194 sending message 105 to peer 0x55dd33364820 (30 bytes)
1704637712.490196 sending message 105 to peer 0x55dd33364820 (12 bytes)
1704637712.490198 sending message 105 to peer 0x55dd33364820 (14 bytes)
1704637712.490200 sending message 105 to peer 0x55dd33364820 (52 bytes)
1704637712.490202 sending message 105 to peer 0x55dd33364820 (19 bytes)
1704637712.490204 sending message 105 to peer 0x55dd33364820 (28 bytes)
1704637712.490206 sending message 105 to peer 0x55dd33364820 (17 bytes)
1704637712.490208 sending message 105 to peer 0x55dd33364820 (41 bytes)
1704637712.490213 sending message 105 to peer 0x55dd33364820 (69 bytes)
1704637712.490216 sending message 105 to peer 0x55dd33364820 (17 bytes)
1704637712.490219 sending message 105 to peer 0x55dd33364820 (23 bytes)
1704637712.490221 sending message 105 to peer 0x55dd33364820 (19 bytes)
1704637712.490223 sending message 105 to peer 0x55dd33364820 (30 bytes)
1704637712.490225 sending message 105 to peer 0x55dd33364820 (27 bytes)
1704637712.490227 sending message 105 to peer 0x55dd33364820 (24 bytes)
1704637712.490230 sending message 105 to peer 0x55dd33364820 (20 bytes)
1704637712.490232 sending message 105 to peer 0x55dd33364820 (23 bytes)
1704637712.490234 sending message 105 to peer 0x55dd33364820 (21 bytes)
1704637712.490236 sending message 105 to peer 0x55dd33364820 (25 bytes)
1704637712.490238 sending message 105 to peer 0x55dd33364820 (20 bytes)
1704637712.490240 sending message 105 to peer 0x55dd33364820 (8 bytes)
1704637712.490336 sending message 105 to peer 0x55dd33364820 (14 bytes)
1704637712.490353 sending message 105 to peer 0x55dd33364820 (32 bytes)
1704637712.490358 sending message 105 to peer 0x55dd33364820 (1519 bytes)
1704637712.490378 sending message 105 to peer 0x55dd33364820 (52 bytes)
1704637712.490382 sending message 105 to peer 0x55dd33364820 (16 bytes)
1704637712.490384 sending message 105 to peer 0x55dd33364820 (25 bytes)
1704637712.490387 sending message 105 to peer 0x55dd33364820 (61 bytes)
1704637712.490389 sending message 105 to peer 0x55dd33364820 (19 bytes)
1704637712.490392 sending message 105 to peer 0x55dd33364820 (11 bytes)
1704637712.490394 sending message 105 to peer 0x55dd33364820 (202 bytes)
1704637712.490397 sending message 105 to peer 0x55dd33364820 (25 bytes)
1704637712.490399 sending message 105 to peer 0x55dd33364820 (19 bytes)
1704637712.490401 sending message 105 to peer 0x55dd33364820 (18 bytes)
1704637712.490404 sending message 105 to peer 0x55dd33364820 (19 bytes)
1704637712.490406 sending message 105 to peer 0x55dd33364820 (8 bytes)
1704637712.490408 sending message 105 to peer 0x55dd33364820 (22 bytes)
1704637712.490411 sending message 105 to peer 0x55dd33364820 (20 bytes)
1704637712.490413 sending message 105 to peer 0x55dd33364820 (18 bytes)
1704637712.490415 sending message 105 to peer 0x55dd33364820 (26 bytes)
1704637712.490417 sending message 105 to peer 0x55dd33364820 (36 bytes)
1704637712.490419 sending message 105 to peer 0x55dd33364820 (13 bytes)
1704637712.490422 sending message 105 to peer 0x55dd33364820 (52 bytes)
1704637712.490424 sending message 105 to peer 0x55dd33364820 (11 bytes)
1704637712.490427 sending message 105 to peer 0x55dd33364820 (15 bytes)
1704637712.490429 sending message 105 to peer 0x55dd33364820 (18 bytes)
1704637712.490431 sending message 105 to peer 0x55dd33364820 (13 bytes)
1704637712.490433 sending message 105 to peer 0x55dd33364820 (41 bytes)
1704637712.490435 sending message 105 to peer 0x55dd33364820 (41 bytes)
1704637712.490437 sending message 105 to peer 0x55dd33364820 (23 bytes)
1704637712.490440 sending message 105 to peer 0x55dd33364820 (98 bytes)
1704637712.490442 sending message 105 to peer 0x55dd33364820 (31 bytes)
1704637712.490444 sending message 105 to peer 0x55dd33364820 (15 bytes)
1704637712.490446 sending message 105 to peer 0x55dd33364820 (23 bytes)
1704637712.490448 sending message 105 to peer 0x55dd33364820 (23 bytes)
1704637712.490451 sending message 105 to peer 0x55dd33364820 (17 bytes)
1704637712.490453 sending message 105 to peer 0x55dd33364820 (21 bytes)
1704637712.490455 sending message 105 to peer 0x55dd33364820 (11 bytes)
1704637712.490457 sending message 105 to peer 0x55dd33364820 (20 bytes)
1704637712.490459 sending message 105 to peer 0x55dd33364820 (25 bytes)
1704637712.490462 sending message 105 to peer 0x55dd33364820 (25 bytes)
1704637712.490464 sending message 105 to peer 0x55dd33364820 (25 bytes)
1704637712.490466 sending message 105 to peer 0x55dd33364820 (27 bytes)
1704637712.490468 sending message 105 to peer 0x55dd33364820 (16 bytes)
1704637712.490471 sending message 106 to peer 0x55dd33364820 (0 bytes)
1704637712.490481 sending message 200 to peer 0x55dd33364820 (4 bytes)
1704637712.490484 client loop enter
1704637712.492233 peer 0x55dd33364820 message 303
1704637712.492260 open write file 2 -
1704637712.492918 sending message 305 to peer 0x55dd33364820 (8 bytes)
1704637712.492945 write check file 2
1704637712.494850 peer 0x55dd33364820 message 304
1704637712.494863 write 58 to file 2
1704637712.494867 peer 0x55dd33364820 message 203
1704637712.494870 file 2 58 bytes left
1704637712.494884 write check file 2
1704637712.494887 client loop exit
